2025-02-04 22:34:38,278 - db_helper - INFO - fetch_expenses_for_date called with 2024-08-01
2025-02-04 22:34:38,333 - db_helper - INFO - fetch_expense_summary called with start_date:2024-08-01,end_date:2024-08-05 
2025-02-04 22:35:34,666 - db_helper - INFO - fetch_expenses_for_date called with 2024-09-30
2025-02-04 22:35:34,726 - db_helper - INFO - fetch_expense_summary called with start_date:2024-08-01,end_date:2024-08-05 
2025-02-05 04:00:09,129 - db_helper - INFO - fetch_expenses_for_date called with 2024-09-30
2025-02-05 04:00:09,201 - db_helper - INFO - fetch_expense_summary called with start_date:2024-08-01,end_date:2024-08-05 
2025-02-05 04:14:08,193 - db_helper - INFO - fetch_expenses_for_date called with 2024-08-01
2025-02-05 04:20:33,794 - db_helper - INFO - fetch_expenses_for_date called with 2024-08-01
2025-02-05 04:25:19,226 - db_helper - INFO - fetch_expenses_for_date called with 2024-08-01
2025-02-05 04:27:58,897 - db_helper - INFO - delete_expenses_for_date called with 2024-08-28
2025-02-05 04:27:58,925 - db_helper - INFO - insert_expense called with date:2024-08-28, amount:23.0, category:Shopping, notes:Groceries
2025-02-05 05:57:15,924 - db_helper - INFO - fetch_expenses_for_date called with 2024-08-01
2025-02-05 06:14:56,358 - db_helper - INFO - fetch_expenses_for_date called with 2024-08-01
2025-02-05 06:15:41,729 - db_helper - INFO - fetch_expenses_for_date called with 2024-08-01
2025-02-05 06:16:44,900 - db_helper - INFO - fetch_expenses_for_date called with 2024-08-01
2025-02-05 06:19:33,084 - db_helper - INFO - fetch_expenses_for_date called with 2024-08-01
2025-02-05 06:20:21,943 - db_helper - INFO - fetch_expenses_for_date called with 2024-08-01
2025-02-05 06:21:01,904 - db_helper - INFO - fetch_expenses_for_date called with 2024-08-01
2025-02-05 06:22:14,070 - db_helper - INFO - fetch_expenses_for_date called with 2024-08-01
2025-02-05 06:24:04,339 - db_helper - INFO - fetch_expenses_for_date called with 2024-08-01
2025-02-05 06:27:32,231 - db_helper - INFO - fetch_expenses_for_date called with 2024-08-01
2025-02-05 06:29:22,466 - db_helper - INFO - fetch_expenses_for_date called with 2024-08-01
2025-02-05 06:45:55,418 - db_helper - INFO - fetch_expenses_for_date called with 2024-08-01
2025-02-05 06:47:06,773 - db_helper - INFO - fetch_expenses_for_date called with 2024-08-01
2025-02-05 07:30:49,309 - db_helper - INFO - fetch_expenses_for_date called with 2024-08-01
2025-02-05 07:44:25,700 - db_helper - INFO - fetch_expenses_for_date called with 2024-08-01
2025-02-05 07:44:30,531 - db_helper - INFO - fetch_expenses_for_date called with 2024-08-07
2025-02-05 07:44:50,542 - db_helper - INFO - fetch_expenses_for_date called with 2024-08-07
2025-02-05 07:44:52,672 - db_helper - INFO - delete_expenses_for_date called with 2024-08-07
2025-02-05 07:44:52,685 - db_helper - INFO - insert_expense called with date:2024-08-07, amount:200.0, category:Other, notes:pani puri
2025-02-05 07:46:00,137 - db_helper - INFO - fetch_expenses_for_date called with 2024-08-01
2025-02-05 07:46:02,334 - db_helper - INFO - fetch_expenses_for_date called with 2024-08-01
2025-02-05 07:46:04,740 - db_helper - INFO - fetch_expenses_for_date called with 2024-08-07
2025-02-05 08:06:51,000 - db_helper - INFO - fetch_expense_summary called with start_date:2024-08-01,end_date:2024-08-05 
2025-02-05 08:19:01,916 - db_helper - INFO - fetch_expense_summary called with start_date:2024-08-01,end_date:2024-08-05 
2025-02-05 08:19:04,207 - db_helper - INFO - fetch_expense_summary called with start_date:2024-08-01,end_date:2024-08-05 
2025-02-05 08:20:21,558 - db_helper - INFO - fetch_expense_summary called with start_date:2024-08-01,end_date:2024-08-05 
2025-02-05 08:23:14,359 - db_helper - INFO - fetch_expense_summary called with start_date:2024-08-01,end_date:2024-08-05 
2025-02-05 08:41:09,930 - db_helper - INFO - fetch_expenses_for_date called with 2024-08-07
2025-02-05 08:42:25,567 - db_helper - INFO - fetch_expenses_for_date called with 2024-08-07
2025-02-05 08:47:15,289 - db_helper - INFO - fetch_expenses_for_date called with 2024-08-07
2025-02-05 08:47:18,830 - db_helper - INFO - fetch_expenses_for_date called with 2024-08-07
2025-02-05 08:47:20,907 - db_helper - INFO - fetch_expense_summary called with start_date:2024-08-01,end_date:2024-08-05 
2025-02-05 12:10:16,036 - db_helper - INFO - fetch_expenses_for_date called with 2024-08-07
2025-02-05 15:28:38,311 - db_helper - INFO - fetch_expenses_for_date called with 2024-08-07
2025-02-05 17:01:45,832 - db_helper - INFO - fetch_expenses_for_date called with 2024-08-07
2025-02-05 18:39:21,409 - db_helper - INFO - fetch_expenses_for_date called with 2024-08-07
2025-02-05 18:46:43,630 - db_helper - INFO - fetch_expenses_for_date called with 2024-08-07
2025-02-05 18:46:45,760 - db_helper - INFO - fetch_expense_summary called with start_date:2024-08-01,end_date:2024-08-05 
2025-02-05 21:46:23,132 - db_helper - INFO - fetch_expenses_for_date called with 2024-08-07
2025-02-05 22:03:45,962 - db_helper - INFO - fetch_expenses_for_date called with 2024-08-07
2025-02-05 22:03:48,793 - db_helper - INFO - fetch_expenses_for_date called with 2024-08-07
2025-02-05 22:03:50,897 - db_helper - INFO - fetch_expense_summary called with start_date:2024-08-01,end_date:2024-08-05 
2025-02-05 22:06:51,896 - db_helper - INFO - fetch_expenses_for_date called with 2024-08-07
2025-02-05 22:06:55,738 - db_helper - INFO - fetch_expenses_for_date called with 2024-08-07
2025-02-05 22:06:57,863 - db_helper - INFO - fetch_expense_summary called with start_date:2024-08-01,end_date:2024-08-05 
2025-02-05 22:07:28,551 - db_helper - INFO - fetch_expenses_for_date called with 2024-08-07
2025-02-05 22:07:32,246 - db_helper - INFO - fetch_expenses_for_date called with 2024-08-07
2025-02-05 22:07:34,358 - db_helper - INFO - fetch_expense_summary called with start_date:2024-08-01,end_date:2024-08-05 
2025-02-05 22:14:06,052 - db_helper - INFO - fetch_expenses_for_date called with 2024-08-07
2025-02-05 22:14:17,445 - db_helper - INFO - fetch_expenses_for_date called with 2024-08-07
2025-02-05 22:14:19,507 - db_helper - INFO - fetch_expense_summary called with start_date:2024-08-01,end_date:2024-08-05 
2025-02-05 22:21:53,171 - db_helper - INFO - fetch_expenses_for_date called with 2024-08-07
2025-02-05 22:21:56,531 - db_helper - INFO - fetch_expenses_for_date called with 2024-08-07
2025-02-05 22:21:58,630 - db_helper - INFO - fetch_expense_summary called with start_date:2024-08-01,end_date:2024-08-05 
2025-02-05 22:23:01,468 - db_helper - INFO - fetch_expenses_for_date called with 2024-08-07
2025-02-05 22:23:04,602 - db_helper - INFO - fetch_expenses_for_date called with 2024-08-07
2025-02-05 22:23:06,704 - db_helper - INFO - fetch_expense_summary called with start_date:2024-08-01,end_date:2024-08-05 
2025-02-05 22:54:33,551 - db_helper - INFO - fetch_expenses_for_date called with 2024-08-07
2025-02-05 23:03:18,688 - db_helper - INFO - fetch_expense_months called
2025-02-05 23:57:17,218 - db_helper - INFO - fetch_expenses_for_date called with 2024-08-07
2025-02-06 00:01:30,994 - db_helper - INFO - fetch_expense_months called
2025-02-06 00:05:17,372 - db_helper - INFO - fetch_expense_months called
2025-02-06 00:15:00,518 - db_helper - INFO - fetch_expenses_for_date called with 2024-08-07
2025-02-06 00:15:02,647 - db_helper - INFO - fetch_expense_months called
2025-02-06 00:16:24,932 - db_helper - INFO - fetch_expenses_for_date called with 2024-08-07
2025-02-06 00:16:26,988 - db_helper - INFO - fetch_expense_months called
2025-02-06 00:18:32,794 - db_helper - INFO - fetch_expenses_for_date called with 2024-08-07
2025-02-06 00:18:34,858 - db_helper - INFO - fetch_expense_months called
2025-02-06 00:33:02,511 - db_helper - INFO - fetch_expense_months called
2025-02-06 00:34:30,761 - db_helper - INFO - fetch_expenses_for_date called with 2024-08-07
2025-02-06 00:34:32,866 - db_helper - INFO - fetch_expense_months called
2025-02-06 00:35:44,646 - db_helper - INFO - fetch_expenses_for_date called with 2024-08-07
2025-02-06 00:35:46,718 - db_helper - INFO - fetch_expense_months called
2025-02-06 00:37:04,925 - db_helper - INFO - fetch_expenses_for_date called with 2024-08-07
2025-02-06 00:37:06,995 - db_helper - INFO - fetch_expense_months called
2025-02-06 00:46:50,605 - db_helper - INFO - fetch_expenses_for_date called with 2024-08-07
2025-02-06 00:46:52,707 - db_helper - INFO - fetch_expense_months called
2025-02-06 00:55:13,078 - db_helper - INFO - fetch_expenses_for_date called with 2024-08-07
2025-02-06 00:55:15,222 - db_helper - INFO - fetch_expense_months called
2025-02-06 00:58:25,985 - db_helper - INFO - fetch_expenses_for_date called with 2024-08-07
2025-02-06 00:58:28,097 - db_helper - INFO - fetch_expense_months called
2025-02-06 00:59:42,119 - db_helper - INFO - fetch_expenses_for_date called with 2024-08-07
2025-02-06 00:59:44,237 - db_helper - INFO - fetch_expense_months called
2025-02-06 01:02:21,070 - db_helper - INFO - fetch_expenses_for_date called with 2024-08-07
2025-02-06 01:02:23,138 - db_helper - INFO - fetch_expense_months called
2025-02-06 01:05:10,790 - db_helper - INFO - fetch_expenses_for_date called with 2024-08-07
2025-02-06 01:05:12,909 - db_helper - INFO - fetch_expense_months called
2025-02-06 01:06:14,148 - db_helper - INFO - fetch_expenses_for_date called with 2024-08-07
2025-02-06 01:06:16,275 - db_helper - INFO - fetch_expense_months called
2025-02-06 01:07:14,485 - db_helper - INFO - fetch_expenses_for_date called with 2024-08-01
2025-02-06 01:07:16,590 - db_helper - INFO - fetch_expense_months called
2025-02-06 01:07:46,234 - db_helper - INFO - fetch_expenses_for_date called with 2024-08-01
2025-02-06 01:07:48,334 - db_helper - INFO - fetch_expense_months called
2025-02-06 01:08:12,230 - db_helper - INFO - fetch_expenses_for_date called with 2024-08-01
2025-02-06 01:08:14,324 - db_helper - INFO - fetch_expense_months called
2025-02-06 01:08:29,568 - db_helper - INFO - fetch_expenses_for_date called with 2024-08-01
2025-02-06 01:08:31,680 - db_helper - INFO - fetch_expense_months called
2025-02-06 01:08:50,490 - db_helper - INFO - fetch_expenses_for_date called with 2024-08-01
2025-02-06 01:08:52,601 - db_helper - INFO - fetch_expense_months called
2025-02-06 01:11:04,432 - db_helper - INFO - fetch_expenses_for_date called with 2024-08-01
2025-02-06 01:11:06,564 - db_helper - INFO - fetch_expense_summary called with start_date:2024-08-01,end_date:2024-08-05 
2025-02-06 01:11:08,656 - db_helper - INFO - fetch_expense_months called
2025-02-08 01:27:19,488 - db_helper - INFO - fetch_expenses_for_date called with 2024-08-01
2025-02-08 01:27:52,288 - db_helper - INFO - fetch_expenses_for_date called with 2024-08-01
2025-02-08 01:27:54,402 - db_helper - INFO - fetch_expense_months called
2025-02-08 01:28:56,373 - db_helper - INFO - fetch_expenses_for_date called with 2024-08-07
2025-02-08 01:28:58,488 - db_helper - INFO - fetch_expense_months called
2025-02-08 01:28:58,729 - db_helper - INFO - fetch_expenses_for_date called with 2024-08-07
2025-02-08 01:29:00,858 - db_helper - INFO - fetch_expense_months called
2025-02-08 01:29:04,098 - db_helper - INFO - fetch_expenses_for_date called with 2024-08-24
2025-02-08 01:29:06,237 - db_helper - INFO - fetch_expense_months called
2025-02-08 01:29:10,832 - db_helper - INFO - fetch_expenses_for_date called with 2024-08-01
2025-02-08 01:29:12,954 - db_helper - INFO - fetch_expense_months called
2025-02-08 01:29:50,350 - db_helper - INFO - fetch_expenses_for_date called with 2024-08-01
2025-02-08 01:29:52,447 - db_helper - INFO - fetch_expense_summary called with start_date:2024-08-01,end_date:2024-08-05 
2025-02-08 01:29:54,584 - db_helper - INFO - fetch_expense_months called
2025-02-08 01:33:11,378 - db_helper - INFO - fetch_expenses_for_date called with 2024-08-01
2025-02-08 01:33:13,491 - db_helper - INFO - fetch_expense_summary called with start_date:2024-08-01,end_date:2024-08-05 
2025-02-08 01:33:15,659 - db_helper - INFO - fetch_expense_months called
2025-02-08 02:48:37,678 - db_helper - INFO - fetch_expenses_for_date called with 2024-08-01
2025-02-08 02:48:39,780 - db_helper - INFO - fetch_expense_months called
2025-02-08 02:55:47,290 - db_helper - INFO - fetch_expenses_for_date called with 2024-08-01
2025-02-08 02:55:49,345 - db_helper - INFO - fetch_expense_months called
2025-02-08 02:57:27,385 - db_helper - INFO - fetch_expenses_for_date called with 2024-08-01
2025-02-08 02:57:29,514 - db_helper - INFO - fetch_expense_summary called with start_date:2024-08-01,end_date:2024-08-05 
2025-02-08 02:57:31,658 - db_helper - INFO - fetch_expense_months called
